
ID: "MLA917485457" - Title: "Monitor Dell E Series E2220h Led 21.5   Negro 100v/240v"- Category: "MLA14407" - Name:"Monitores"
ID: "MLA884736096" - Title: "Router Cisco Rv Series Rv340 Negro 100v/240v"- Category: "MLA430901" - Name:"Routers"
ID: "MLA918321811" - Title: "Monitor Dell E E2720h Led 27   Negro 100v/240v"- Category: "MLA14407" - Name:"Monitores"
ID: "MLA919422304" - Title: "Access Point, Router Linksys Mr8300 Negro 100v/240v"- Category: "MLA430901" - Name:"Routers"
ID: "MLA874472550" - Title: "Router Linksys Ea-series Ea6100 Negro 100v/240v"- Category: "MLA430901" - Name:"Routers"
ID: "MLA927112630" - Title: "Notebook Dell Inspiron 3505 Gris 15.6 , Amd Ryzen 5 3450u  16gb De Ram 1tb Hdd 256gb Ssd, Amd Radeon Vega 8 1366x768px Windows 10 Home"- Category: "MLA1652" - Name:"Notebooks"
ID: "MLA915051639" - Title: "Notebook Dell Latitude 3510 Gris 15.6 , Intel Core I7 10510u  16gb De Ram 1tb Hdd 256gb Ssd, Nvidia Gefroce Mx230 1920x1080px Windows 10 Pro"- Category: "MLA1652" - Name:"Notebooks"
ID: "MLA923372796" - Title: "Monitor Dell E E2420h Led 24   Negro 100v/240v"- Category: "MLA14407" - Name:"Monitores"
ID: "MLA927112638" - Title: "Notebook Dell Inspiron 3505 Gris 15.6 , Amd Ryzen 5 3450u  8gb De Ram 1tb Hdd 256gb Ssd, Amd Radeon Vega 8 1366x768px Windows 10 Home"- Category: "MLA1652" - Name:"Notebooks"
ID: "MLA917517155" - Title: "Switch Cisco Sg110d-08 Serie 110"- Category: "MLA1708" - Name:"Switches"
ID: "MLA904833537" - Title: "Router Cisco Rv Series Rv345 Negro 100v/240v"- Category: "MLA430901" - Name:"Routers"
ID: "MLA925179224" - Title: "Apc Easy Ups Bv1000i-ar 1000va Entrada Y Salida De 230v Negro"- Category: "MLA1720" - Name:"UPS"
ID: "MLA927153653" - Title: "Notebook Dell Inspiron 3505 Gris 15.6 , Amd Ryzen 5 3450u  12gb De Ram 256gb Ssd, Amd Radeon Vega 8 1366x768px Windows 10 Home"- Category: "MLA1652" - Name:"Notebooks"
ID: "MLA927177803" - Title: "Apc Back-ups Bx550ci-ar 550va Entrada Y Salida De 230v Negro"- Category: "MLA1720" - Name:"UPS"
ID: "MLA927887762" - Title: "Monitor Gamer Dell Professional P2719h Led 27   Negro 100v/240v"- Category: "MLA14407" - Name:"Monitores"
ID: "MLA863267784" - Title: "Monitor Gamer Dell Professional P2018h Led 20   Negro 100v/240v"- Category: "MLA14407" - Name:"Monitores"
ID: "MLA884735834" - Title: "Repetidor Linksys Re6500 Negro"- Category: "MLA430901" - Name:"Routers"
ID: "MLA927154124" - Title: "Notebook Dell Inspiron 3505 Gris 15.6 , Amd Ryzen 5 3450u  12gb De Ram 1tb Hdd 256gb Ssd, Amd Radeon Vega 8 1366x768px Windows 10 Home"- Category: "MLA1652" - Name:"Notebooks"
ID: "MLA915052218" - Title: "Notebook Dell Latitude 3510 Gris 15.6 , Intel Core I7 10510u  8gb De Ram 256gb Ssd, Nvidia Geforce Mx230 1920x1080px Windows 10 Pro"- Category: "MLA1652" - Name:"Notebooks"
ID: "MLA926280125" - Title: "Apc Easy Ups Bv500i-ar 500va Entrada Y Salida De 230v Negro"- Category: "MLA1720" - Name:"UPS"
ID: "MLA927112732" - Title: "Notebook Dell Inspiron 3505 Gris 15.6 , Amd Ryzen 5 3450u  16gb De Ram 256gb Ssd, Amd Radeon Vega 8 1366x768px Windows 10 Home"- Category: "MLA1652" - Name:"Notebooks"
ID: "MLA927759938" - Title: "Notebook Dell Latitude 3510 Gris 15.6 , Intel Core I5 10210u  8gb De Ram 1tb Hdd, Intel Hd Graphics 620 1366x768px Windows 10 Pro"- Category: "MLA1652" - Name:"Notebooks"
ID: "MLA928606511" - Title: "Apc Back-ups Br900g-ar 900va Entrada Y Salida De 230v Negro"- Category: "MLA1720" - Name:"UPS"
ID: "MLA927113031" - Title: "Notebook Dell Inspiron 3505 Gris 15.6 , Amd Ryzen 5 3450u  8gb De Ram 256gb Ssd, Amd Radeon Vega 8 1366x768px Windows 10 Home"- Category: "MLA1652" - Name:"Notebooks"
ID: "MLA914900871" - Title: "Notebook Dell Vostro 3490 Negra 14 , Intel Core I5 10210u  12gb De Ram 1tb Hdd, Intel Hd Graphics 60 Hz 1366x768px Windows 10 Pro"- Category: "MLA1652" - Name:"Notebooks"
ID: "MLA912269713" - Title: "Apc Back-ups Pro 1200 Br1200g-ar 1200va Entrada Y Salida De 230v Negro"- Category: "MLA1720" - Name:"UPS"
ID: "MLA918820148" - Title: "Router Linksys Lrt214 Negro Y Azul"- Category: "MLA430901" - Name:"Routers"
ID: "MLA917516307" - Title: "Apc Smart-ups Srt Srt5kxli 5000va Entrada Y Salida De 230v Negro"- Category: "MLA1720" - Name:"UPS"
ID: "MLA923612111" - Title: "Switch Cisco Sg110-24 Small Business Serie 110"- Category: "MLA1708" - Name:"Switches"
ID: "MLA917515758" - Title: "Apc Easy Ups Srv6ki 6000va Entrada Y Salida De 230v Negro"- Category: "MLA1720" - Name:"UPS"
ID: "MLA914633882" - Title: "Access Point Interior Cisco 100 Series Wap150 Blanco"- Category: "MLA430901" - Name:"Routers"
ID: "MLA926291038" - Title: "Apc Easy Ups Srv3000 Srv3ki-ar 3000va Entrada Y Salida De 220v/240v Negro"- Category: "MLA1720" - Name:"UPS"
ID: "MLA927178600" - Title: "Apc Back-ups Bx800ci-ar 800va Entrada Y Salida De 230v Negro"- Category: "MLA1720" - Name:"UPS"
ID: "MLA927409466" - Title: "Switch Cisco Sf110-24 Serie 110"- Category: "MLA1708" - Name:"Switches"
ID: "MLA927413664" - Title: "Switch Cisco Sf220-24 Small Business Serie 220"- Category: "MLA1708" - Name:"Switches"
ID: "MLA927413671" - Title: "Switch Cisco Sg110-24hp Serie 110"- Category: "MLA1708" - Name:"Switches"
ID: "MLA927414264" - Title: "Switch Cisco Sg350-28 Serie 350"- Category: "MLA1708" - Name:"Switches"
ID: "MLA927414271" - Title: "Switch Cisco Sf220-24p Serie 220"- Category: "MLA1708" - Name:"Switches"
ID: "MLA927412264" - Title: "Switch Cisco Sg350-52 Sg Serie 350"- Category: "MLA1708" - Name:"Switches"
ID: "MLA928736315" - Title: "Apc Back-ups Br550g-ar 550va Entrada Y Salida De 230v Negro"- Category: "MLA1720" - Name:"UPS"
ID: "MLA927415191" - Title: "Switch Cisco Sf350-24p Serie 350"- Category: "MLA1708" - Name:"Switches"
ID: "MLA914895665" - Title: "Notebook Dell Vostro 3490 Negra 14 , Intel Core I5 10210u  4gb De Ram 1tb Hdd, Intel Hd Graphics 60 Hz 1366x768px Windows 10 Pro"- Category: "MLA1652" - Name:"Notebooks"
ID: "MLA1100046581" - Title: "Monitor Gamer Dell P2419h Led 24   Negro 100v/240v"- Category: "MLA14407" - Name:"Monitores"
ID: "MLA917518416" - Title: "Switch Cisco Sg220-26p Small Business Serie 220"- Category: "MLA1708" - Name:"Switches"
ID: "MLA928466352" - Title: "Notebook Dell Latitude 3510 Gris 15.6 , Intel Core I5 10210u  4gb De Ram 1tb Hdd, Intel Uhd Graphics 620 1920x1080px Windows 10 Pro"- Category: "MLA1652" - Name:"Notebooks"
ID: "MLA924366761" - Title: "Apc Back-ups Pro 1500 Br1500g-ar 1500va Entrada Y Salida De 230v Negro"- Category: "MLA1720" - Name:"UPS"
ID: "MLA927411889" - Title: "Switch Cisco Sg112-24 Serie 110"- Category: "MLA1708" - Name:"Switches"
ID: "MLA917517444" - Title: "Switch Cisco Sg250-50p Serie 250"- Category: "MLA1708" - Name:"Switches"
ID: "MLA685442693" - Title: "Switch Cisco 24 Puertos Gigabit Rack 10/100/1000"- Category: "MLA1708" - Name:"Switches"
ID: "MLA919297554" - Title: "Notebook Dell Vostro 3401 I3 16gb 1tb + 240ssd Win 10 Home"- Category: "MLA1652" - Name:"Notebooks"
